[debug] [2025-06-26T03:36:44.722Z] ----------------------------------------------------------------------
[debug] [2025-06-26T03:36:44.724Z] Command:       C:\Program Files\nodejs\node.exe C:\Users\hasan\AppData\Roaming\npm\node_modules\firebase-tools\lib\bin\firebase.js init
[debug] [2025-06-26T03:36:44.724Z] CLI Version:   14.8.0
[debug] [2025-06-26T03:36:44.724Z] Platform:      win32
[debug] [2025-06-26T03:36:44.724Z] Node Version:  v22.17.0
[debug] [2025-06-26T03:36:44.724Z] Time:          Thu Jun 26 2025 09:06:44 GMT+0530 (India Standard Time)
[debug] [2025-06-26T03:36:44.724Z] ----------------------------------------------------------------------
[debug] 
[debug] [2025-06-26T03:36:44.729Z] > command requires scopes: ["email","openid","https://www.googleapis.com/auth/cloudplatformprojects.readonly","https://www.googleapis.com/auth/firebase","https://www.googleapis.com/auth/cloud-platform"]
[debug] [2025-06-26T03:36:44.730Z] > authorizing via signed-in user (mohammedhasanalikhan7@gmail.com)
[info] 
     ######## #### ########  ######## ########     ###     ######  ########
     ##        ##  ##     ## ##       ##     ##  ##   ##  ##       ##
     ######    ##  ########  ######   ########  #########  ######  ######
     ##        ##  ##    ##  ##       ##     ## ##     ##       ## ##
     ##       #### ##     ## ######## ########  ##     ##  ######  ########

You're about to initialize a Firebase project in this directory:

  C:\Users\hasan\OneDrive\Desktop\azzu

[info] 
=== Project Setup
[info] 
[info] First, let's associate this project directory with a Firebase project.
[info] You can create multiple project aliases by running firebase use --add, 
[info] but for now we'll just set up a default project.
[info] 
[debug] [2025-06-26T03:39:06.747Z] Checked if tokens are valid: true, expires at: 1750912579549
[debug] [2025-06-26T03:39:06.747Z] Checked if tokens are valid: true, expires at: 1750912579549
[debug] [2025-06-26T03:39:06.748Z] >>> [apiv2][query] GET https://firebase.googleapis.com/v1beta1/projects pageSize=100
[debug] [2025-06-26T03:39:07.645Z] <<< [apiv2][status] GET https://firebase.googleapis.com/v1beta1/projects 200
[debug] [2025-06-26T03:39:07.645Z] <<< [apiv2][body] GET https://firebase.googleapis.com/v1beta1/projects [omitted]
[info] i  Using project mjcet-attendance-72ca0 (MJCET attendance) 
[info] 
=== Hosting Setup
[debug] [2025-06-26T03:39:12.112Z] Checked if tokens are valid: true, expires at: 1750912579549
[debug] [2025-06-26T03:39:12.112Z] Checked if tokens are valid: true, expires at: 1750912579549
[debug] [2025-06-26T03:39:12.112Z] >>> [apiv2][query] GET https://firebase.googleapis.com/v1beta1/projects/mjcet-attendance-72ca0 [none]
[debug] [2025-06-26T03:39:12.742Z] <<< [apiv2][status] GET https://firebase.googleapis.com/v1beta1/projects/mjcet-attendance-72ca0 200
[debug] [2025-06-26T03:39:12.742Z] <<< [apiv2][body] GET https://firebase.googleapis.com/v1beta1/projects/mjcet-attendance-72ca0 {"projectId":"mjcet-attendance-72ca0","projectNumber":"157073555858","displayName":"MJCET attendance","name":"projects/mjcet-attendance-72ca0","resources":{"hostingSite":"mjcet-attendance-72ca0","realtimeDatabaseInstance":"mjcet-attendance-72ca0-default-rtdb"},"state":"ACTIVE","etag":"1_62a99293-1811-4a2b-aaf1-469bb450cb34"}
[info] 
[info] Your public directory is the folder (relative to your project directory) that
[info] will contain Hosting assets to be uploaded with firebase deploy. If you
[info] have a build process for your assets, use your build's output directory.
[info] 
[info] +  Wrote public/404.html 
[debug] [2025-06-26T03:40:09.726Z] >>> [apiv2][query] GET https://www.gstatic.com/firebasejs/releases.json [none]
[debug] [2025-06-26T03:40:10.003Z] <<< [apiv2][status] GET https://www.gstatic.com/firebasejs/releases.json 200
[debug] [2025-06-26T03:40:10.003Z] <<< [apiv2][body] GET https://www.gstatic.com/firebasejs/releases.json {"current":{"version":"11.9.1","browserURL":"https://www.gstatic.com/firebasejs/11.9.1/firebase.js","packageURL":"https://www.gstatic.com/firebasejs/11.9.1/firebase.tgz"},"live":{"version":"11.9","browserURL":"https://www.gstatic.com/firebasejs/live/11.9/firebase.js","packageURL":"https://www.gstatic.com/firebasejs/live/11.9/firebase.tgz"},"components":{"ai":"https://www.gstatic.com/firebasejs/11.9.1/firebase-ai.js","analytics":"https://www.gstatic.com/firebasejs/11.9.1/firebase-analytics.js","app":"https://www.gstatic.com/firebasejs/11.9.1/firebase-app.js","app-check":"https://www.gstatic.com/firebasejs/11.9.1/firebase-app-check.js","auth":"https://www.gstatic.com/firebasejs/11.9.1/firebase-auth.js","auth/cordova":"https://www.gstatic.com/firebasejs/11.9.1/firebase-auth/cordova.js","auth/web-extension":"https://www.gstatic.com/firebasejs/11.9.1/firebase-auth/web-extension.js","functions":"https://www.gstatic.com/firebasejs/11.9.1/firebase-functions.js","firestore":"https://www.gstatic.com/firebasejs/11.9.1/firebase-firestore.js","firestore/lite":"https://www.gstatic.com/firebasejs/11.9.1/firebase-firestore/lite.js","installations":"https://www.gstatic.com/firebasejs/11.9.1/firebase-installations.js","storage":"https://www.gstatic.com/firebasejs/11.9.1/firebase-storage.js","performance":"https://www.gstatic.com/firebasejs/11.9.1/firebase-performance.js","remote-config":"https://www.gstatic.com/firebasejs/11.9.1/firebase-remote-config.js","messaging":"https://www.gstatic.com/firebasejs/11.9.1/firebase-messaging.js","messaging/sw":"https://www.gstatic.com/firebasejs/11.9.1/firebase-messaging/sw.js","database":"https://www.gstatic.com/firebasejs/11.9.1/firebase-database.js","vertexai":"https://www.gstatic.com/firebasejs/11.9.1/firebase-vertexai.js","data-connect":"https://www.gstatic.com/firebasejs/11.9.1/firebase-data-connect.js","firestore.memory":"https://www.gstatic.com/firebasejs/11.9.1/firebase-firestore.memory.js"}}
[info] +  Wrote public/index.html 
[info] 
[info] i  Didn't detect a .git folder. Assuming C:\Users\hasan\OneDrive\Desktop\azzu is the project root. 
[info] i  Authorizing with GitHub to upload your service account to a GitHub repository's secrets store. 
[info] 
[info] Visit this URL on this device to log in:
[info] https://github.com/login/oauth/authorize?client_id=89cf50f02ac6aaed3484&state=245033555&redirect_uri=http%3A%2F%2Flocalhost%3A9005&scope=read%3Auser%20repo%20public_repo
[info] 
[info] Waiting for authentication...
[debug] [2025-06-26T03:40:39.281Z] >>> [apiv2][query] POST https://github.com/login/oauth/access_token [none]
[debug] [2025-06-26T03:40:39.281Z] >>> [apiv2][body] POST https://github.com/login/oauth/access_token [stream]
[debug] [2025-06-26T03:40:39.705Z] <<< [apiv2][status] POST https://github.com/login/oauth/access_token 200
[debug] [2025-06-26T03:40:39.705Z] <<< [apiv2][body] POST https://github.com/login/oauth/access_token {"access_token":"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","token_type":"bearer","scope":"read:user,repo"}
[debug] [2025-06-26T03:40:39.711Z] >>> [apiv2][query] GET https://api.github.com/user [none]
[debug] [2025-06-26T03:40:40.109Z] <<< [apiv2][status] GET https://api.github.com/user 200
[debug] [2025-06-26T03:40:40.110Z] <<< [apiv2][body] GET https://api.github.com/user {"login":"hasan-005","id":191935659,"node_id":"U_kgDOC3C0qw","avatar_url":"https://avatars.githubusercontent.com/u/191935659?v=4","gravatar_id":"","url":"https://api.github.com/users/hasan-005","html_url":"https://github.com/hasan-005","followers_url":"https://api.github.com/users/hasan-005/followers","following_url":"https://api.github.com/users/hasan-005/following{/other_user}","gists_url":"https://api.github.com/users/hasan-005/gists{/gist_id}","starred_url":"https://api.github.com/users/hasan-005/starred{/owner}{/repo}","subscriptions_url":"https://api.github.com/users/hasan-005/subscriptions","organizations_url":"https://api.github.com/users/hasan-005/orgs","repos_url":"https://api.github.com/users/hasan-005/repos","events_url":"https://api.github.com/users/hasan-005/events{/privacy}","received_events_url":"https://api.github.com/users/hasan-005/received_events","type":"User","user_view_type":"private","site_admin":false,"name":null,"company":null,"blog":"","location":null,"email":null,"hireable":null,"bio":null,"twitter_username":null,"notification_email":null,"public_repos":3,"public_gists":0,"followers":1,"following":0,"created_at":"2024-12-17T02:50:10Z","updated_at":"2025-06-25T11:03:44Z","private_gists":0,"total_private_repos":0,"owned_private_repos":0,"disk_usage":14,"collaborators":0,"two_factor_authentication":false,"plan":{"name":"free","space":976562499,"collaborators":0,"private_repos":10000}}
[info] 
[info] +  Success! Logged into GitHub as hasan-005 
[info] 
